mode: set
github.com/LimeChain/goscale/testing_helpers.go:8.77,9.44 1 1
github.com/LimeChain/goscale/testing_helpers.go:21.2,24.3 1 0
github.com/LimeChain/goscale/testing_helpers.go:9.44,10.34 1 1
github.com/LimeChain/goscale/testing_helpers.go:17.3,18.9 2 1
github.com/LimeChain/goscale/testing_helpers.go:11.15,13.43 1 1
github.com/LimeChain/goscale/testing_helpers.go:14.11,15.42 1 1
github.com/LimeChain/goscale/testing_helpers.go:27.42,28.15 1 1
github.com/LimeChain/goscale/testing_helpers.go:36.2,36.5 1 1
github.com/LimeChain/goscale/testing_helpers.go:28.15,30.15 2 1
github.com/LimeChain/goscale/testing_helpers.go:33.3,33.11 1 1
github.com/LimeChain/goscale/testing_helpers.go:30.15,32.4 1 0
github.com/LimeChain/goscale/boolean.go:17.48,20.2 2 1
github.com/LimeChain/goscale/boolean.go:22.34,24.11 2 1
github.com/LimeChain/goscale/boolean.go:28.2,28.12 1 1
github.com/LimeChain/goscale/boolean.go:24.11,26.3 1 1
github.com/LimeChain/goscale/boolean.go:31.44,34.16 3 1
github.com/LimeChain/goscale/boolean.go:35.9,36.15 1 1
github.com/LimeChain/goscale/boolean.go:37.9,38.14 1 1
github.com/LimeChain/goscale/boolean.go:39.10,40.39 1 1
github.com/LimeChain/goscale/boolean.go:44.35,46.2 1 1
github.com/LimeChain/goscale/dictionary.go:21.56,25.19 3 1
github.com/LimeChain/goscale/dictionary.go:28.2,28.39 1 1
github.com/LimeChain/goscale/dictionary.go:30.2,30.25 1 1
github.com/LimeChain/goscale/dictionary.go:25.19,27.3 1 1
github.com/LimeChain/goscale/dictionary.go:28.39,28.67 1 1
github.com/LimeChain/goscale/dictionary.go:30.25,34.3 3 1
github.com/LimeChain/goscale/dictionary.go:37.42,41.2 3 0
github.com/LimeChain/goscale/dictionary.go:43.89,49.28 4 1
github.com/LimeChain/goscale/dictionary.go:55.2,55.15 1 1
github.com/LimeChain/goscale/dictionary.go:49.28,53.3 3 1
github.com/LimeChain/goscale/fixed_length.go:19.46,22.2 2 1
github.com/LimeChain/goscale/fixed_length.go:24.32,26.2 1 1
github.com/LimeChain/goscale/fixed_length.go:28.40,33.2 4 1
github.com/LimeChain/goscale/fixed_length.go:35.33,37.2 1 1
github.com/LimeChain/goscale/fixed_length.go:41.46,43.2 1 1
github.com/LimeChain/goscale/fixed_length.go:45.32,47.2 1 1
github.com/LimeChain/goscale/fixed_length.go:49.40,52.2 2 1
github.com/LimeChain/goscale/fixed_length.go:54.33,56.2 1 1
github.com/LimeChain/goscale/fixed_length.go:60.47,63.2 2 1
github.com/LimeChain/goscale/fixed_length.go:65.33,70.2 3 1
github.com/LimeChain/goscale/fixed_length.go:72.42,77.2 4 1
github.com/LimeChain/goscale/fixed_length.go:79.34,81.2 1 1
github.com/LimeChain/goscale/fixed_length.go:85.47,87.2 1 1
github.com/LimeChain/goscale/fixed_length.go:89.33,91.2 1 1
github.com/LimeChain/goscale/fixed_length.go:93.42,95.2 1 1
github.com/LimeChain/goscale/fixed_length.go:97.34,99.2 1 1
github.com/LimeChain/goscale/fixed_length.go:103.47,106.2 2 1
github.com/LimeChain/goscale/fixed_length.go:108.33,113.2 3 1
github.com/LimeChain/goscale/fixed_length.go:115.42,120.2 4 1
github.com/LimeChain/goscale/fixed_length.go:122.34,124.2 1 1
github.com/LimeChain/goscale/fixed_length.go:128.47,130.2 1 1
github.com/LimeChain/goscale/fixed_length.go:132.33,134.2 1 1
github.com/LimeChain/goscale/fixed_length.go:136.42,138.2 1 1
github.com/LimeChain/goscale/fixed_length.go:140.34,142.2 1 1
github.com/LimeChain/goscale/fixed_length.go:146.47,149.2 2 1
github.com/LimeChain/goscale/fixed_length.go:151.33,156.2 3 1
github.com/LimeChain/goscale/fixed_length.go:158.42,163.2 4 1
github.com/LimeChain/goscale/fixed_length.go:165.34,167.2 1 1
github.com/LimeChain/goscale/fixed_length.go:171.47,173.2 1 1
github.com/LimeChain/goscale/fixed_length.go:175.33,177.2 1 1
github.com/LimeChain/goscale/fixed_length.go:179.42,181.2 1 1
github.com/LimeChain/goscale/fixed_length.go:183.34,185.2 1 1
github.com/LimeChain/goscale/fixed_length.go:189.39,191.2 1 1
github.com/LimeChain/goscale/fixed_length.go:193.41,203.2 4 1
github.com/LimeChain/goscale/fixed_length.go:205.44,208.2 2 1
github.com/LimeChain/goscale/fixed_length.go:210.30,212.2 1 1
github.com/LimeChain/goscale/fixed_length.go:214.35,216.2 1 1
github.com/LimeChain/goscale/fixed_length.go:218.32,224.2 4 1
github.com/LimeChain/goscale/fixed_length.go:226.44,235.2 4 1
github.com/LimeChain/goscale/fixed_length.go:239.40,249.18 7 1
github.com/LimeChain/goscale/fixed_length.go:259.2,262.3 1 1
github.com/LimeChain/goscale/fixed_length.go:249.18,254.21 4 1
github.com/LimeChain/goscale/fixed_length.go:254.21,256.4 1 1
github.com/LimeChain/goscale/fixed_length.go:265.48,268.2 2 1
github.com/LimeChain/goscale/fixed_length.go:270.34,272.2 1 1
github.com/LimeChain/goscale/fixed_length.go:274.39,276.16 2 1
github.com/LimeChain/goscale/fixed_length.go:286.2,291.16 5 1
github.com/LimeChain/goscale/fixed_length.go:295.2,295.15 1 1
github.com/LimeChain/goscale/fixed_length.go:276.16,277.20 1 1
github.com/LimeChain/goscale/fixed_length.go:280.3,283.23 3 1
github.com/LimeChain/goscale/fixed_length.go:277.20,279.4 1 1
github.com/LimeChain/goscale/fixed_length.go:291.16,293.3 1 1
github.com/LimeChain/goscale/fixed_length.go:298.44,303.2 1 1
github.com/LimeChain/goscale/option.go:17.49,19.17 2 1
github.com/LimeChain/goscale/option.go:19.17,21.3 1 1
github.com/LimeChain/goscale/option.go:21.8,24.3 2 1
github.com/LimeChain/goscale/option.go:27.35,29.2 1 0
github.com/LimeChain/goscale/option.go:31.64,38.7 3 1
github.com/LimeChain/goscale/option.go:43.2,43.15 1 1
github.com/LimeChain/goscale/option.go:38.7,41.3 2 1
github.com/LimeChain/goscale/option.go:48.50,50.17 2 1
github.com/LimeChain/goscale/option.go:50.17,52.3 1 1
github.com/LimeChain/goscale/option.go:52.8,53.14 1 1
github.com/LimeChain/goscale/option.go:53.14,55.4 1 1
github.com/LimeChain/goscale/option.go:55.9,57.4 1 1
github.com/LimeChain/goscale/option.go:61.36,66.2 3 0
github.com/LimeChain/goscale/option.go:68.56,74.11 4 1
github.com/LimeChain/goscale/option.go:87.2,87.15 1 1
github.com/LimeChain/goscale/option.go:75.9,76.26 1 1
github.com/LimeChain/goscale/option.go:77.9,79.22 2 1
github.com/LimeChain/goscale/option.go:80.9,82.23 2 1
github.com/LimeChain/goscale/option.go:83.10,84.45 1 1
github.com/LimeChain/goscale/result.go:18.49,21.2 2 1
github.com/LimeChain/goscale/result.go:23.35,28.2 3 1
github.com/LimeChain/goscale/result.go:30.64,37.2 3 1
github.com/LimeChain/goscale/sequence.go:17.61,20.24 2 1
github.com/LimeChain/goscale/sequence.go:20.24,21.49 1 1
github.com/LimeChain/goscale/sequence.go:21.49,23.4 1 1
github.com/LimeChain/goscale/sequence.go:23.9,25.4 1 1
github.com/LimeChain/goscale/sequence.go:29.47,34.2 3 1
github.com/LimeChain/goscale/sequence.go:36.68,41.35 4 1
github.com/LimeChain/goscale/sequence.go:44.2,44.15 1 1
github.com/LimeChain/goscale/sequence.go:41.35,43.3 1 1
github.com/LimeChain/goscale/sequence.go:47.47,49.2 1 1
github.com/LimeChain/goscale/sequence.go:53.59,54.25 1 1
github.com/LimeChain/goscale/sequence.go:54.25,55.49 1 1
github.com/LimeChain/goscale/sequence.go:55.49,57.4 1 0
github.com/LimeChain/goscale/sequence.go:57.9,59.4 1 1
github.com/LimeChain/goscale/sequence.go:63.45,68.2 3 1
github.com/LimeChain/goscale/sequence.go:70.88,72.28 2 1
github.com/LimeChain/goscale/sequence.go:75.2,75.33 1 1
github.com/LimeChain/goscale/sequence.go:72.28,74.3 1 1
github.com/LimeChain/goscale/sequence.go:81.47,83.2 1 1
github.com/LimeChain/goscale/sequence.go:85.33,87.2 1 1
github.com/LimeChain/goscale/sequence.go:89.42,91.2 1 1
github.com/LimeChain/goscale/sequence.go:93.31,95.30 2 1
github.com/LimeChain/goscale/sequence.go:98.2,98.15 1 1
github.com/LimeChain/goscale/sequence.go:95.30,97.3 1 1
github.com/LimeChain/goscale/sequence.go:101.36,103.27 2 1
github.com/LimeChain/goscale/sequence.go:106.2,106.20 1 1
github.com/LimeChain/goscale/sequence.go:103.27,105.3 1 1
github.com/LimeChain/goscale/codec.go:23.40,25.16 2 1
github.com/LimeChain/goscale/codec.go:28.2,28.20 1 1
github.com/LimeChain/goscale/codec.go:25.16,26.21 1 0
github.com/LimeChain/goscale/codec.go:28.20,29.87 1 0
github.com/LimeChain/goscale/codec.go:33.39,35.16 2 1
github.com/LimeChain/goscale/codec.go:38.2,38.20 1 1
github.com/LimeChain/goscale/codec.go:35.16,36.21 1 1
github.com/LimeChain/goscale/codec.go:38.20,39.126 1 1
github.com/LimeChain/goscale/codec.go:43.39,47.2 3 1
github.com/LimeChain/goscale/codec.go:49.38,53.2 3 1
github.com/LimeChain/goscale/common.go:16.66,17.18 1 1
github.com/LimeChain/goscale/common.go:18.12,19.28 1 1
github.com/LimeChain/goscale/common.go:20.10,21.26 1 1
github.com/LimeChain/goscale/common.go:22.10,23.26 1 1
github.com/LimeChain/goscale/common.go:24.11,25.27 1 1
github.com/LimeChain/goscale/common.go:26.11,27.27 1 1
github.com/LimeChain/goscale/common.go:28.11,29.27 1 1
github.com/LimeChain/goscale/common.go:30.11,31.27 1 1
github.com/LimeChain/goscale/common.go:32.11,33.27 1 1
github.com/LimeChain/goscale/common.go:34.11,35.27 1 1
github.com/LimeChain/goscale/common.go:36.12,37.28 1 1
github.com/LimeChain/goscale/common.go:38.12,39.28 1 1
github.com/LimeChain/goscale/common.go:40.15,41.31 1 1
github.com/LimeChain/goscale/common.go:42.20,43.45 1 1
github.com/LimeChain/goscale/common.go:44.11,45.27 1 1
github.com/LimeChain/goscale/common.go:46.13,47.23 1 1
github.com/LimeChain/goscale/common.go:51.10,52.26 1 1
github.com/LimeChain/goscale/common.go:56.29,57.50 1 1
github.com/LimeChain/goscale/common.go:57.50,59.3 1 1
github.com/LimeChain/goscale/common.go:62.34,64.2 1 1
github.com/LimeChain/goscale/empty.go:14.45,18.2 2 1
github.com/LimeChain/goscale/empty.go:20.31,22.2 1 1
github.com/LimeChain/goscale/empty.go:24.32,26.2 1 1
github.com/LimeChain/goscale/empty.go:28.26,30.2 1 1
github.com/LimeChain/goscale/length_compact.go:17.47,20.2 2 1
github.com/LimeChain/goscale/length_compact.go:22.38,24.2 1 1
github.com/LimeChain/goscale/length_compact.go:26.33,29.19 2 1
github.com/LimeChain/goscale/length_compact.go:65.2,71.52 5 1
github.com/LimeChain/goscale/length_compact.go:29.19,31.20 2 1
github.com/LimeChain/goscale/length_compact.go:31.20,32.20 1 1
github.com/LimeChain/goscale/length_compact.go:32.20,39.5 1 1
github.com/LimeChain/goscale/length_compact.go:39.10,39.28 1 1
github.com/LimeChain/goscale/length_compact.go:39.28,48.5 3 1
github.com/LimeChain/goscale/length_compact.go:48.10,57.5 3 1
github.com/LimeChain/goscale/length_compact.go:74.50,79.14 5 1
github.com/LimeChain/goscale/length_compact.go:80.9,81.77 1 1
github.com/LimeChain/goscale/length_compact.go:82.9,86.64 4 1
github.com/LimeChain/goscale/length_compact.go:87.9,93.72 6 1
github.com/LimeChain/goscale/length_compact.go:94.9,96.13 2 1
github.com/LimeChain/goscale/length_compact.go:99.3,101.68 3 1
github.com/LimeChain/goscale/length_compact.go:102.10,103.38 1 0
github.com/LimeChain/goscale/length_compact.go:96.13,97.81 1 0
github.com/LimeChain/goscale/tuple.go:18.45,19.70 1 0
github.com/LimeChain/goscale/tuple.go:22.31,23.70 1 0
github.com/LimeChain/goscale/tuple.go:26.55,29.35 2 1
github.com/LimeChain/goscale/tuple.go:34.2,34.39 1 1
github.com/LimeChain/goscale/tuple.go:29.35,30.34 1 0
github.com/LimeChain/goscale/tuple.go:34.39,37.46 2 1
github.com/LimeChain/goscale/tuple.go:37.46,39.24 1 1
github.com/LimeChain/goscale/tuple.go:40.22,41.42 1 1
github.com/LimeChain/goscale/tuple.go:42.23,43.40 1 1
github.com/LimeChain/goscale/tuple.go:44.22,45.40 1 1
github.com/LimeChain/goscale/tuple.go:46.24,47.41 1 1
github.com/LimeChain/goscale/tuple.go:48.23,49.41 1 1
github.com/LimeChain/goscale/tuple.go:50.24,51.41 1 1
github.com/LimeChain/goscale/tuple.go:52.23,53.41 1 1
github.com/LimeChain/goscale/tuple.go:54.24,55.41 1 1
github.com/LimeChain/goscale/tuple.go:56.23,57.41 1 1
github.com/LimeChain/goscale/tuple.go:58.24,59.41 1 1
github.com/LimeChain/goscale/tuple.go:60.23,62.25 1 1
github.com/LimeChain/goscale/tuple.go:72.23,74.39 1 1
github.com/LimeChain/goscale/tuple.go:75.21,76.41 1 1
github.com/LimeChain/goscale/tuple.go:77.24,78.25 1 1
github.com/LimeChain/goscale/tuple.go:89.108,90.50 1 0
github.com/LimeChain/goscale/tuple.go:91.93,92.52 1 0
github.com/LimeChain/goscale/tuple.go:93.27,93.27 0 1
github.com/LimeChain/goscale/tuple.go:99.12,100.45 1 0
github.com/LimeChain/goscale/tuple.go:63.37,64.43 1 1
github.com/LimeChain/goscale/tuple.go:65.37,66.43 1 1
github.com/LimeChain/goscale/tuple.go:67.40,68.46 1 1
github.com/LimeChain/goscale/tuple.go:69.13,70.54 1 0
github.com/LimeChain/goscale/tuple.go:79.38,80.44 1 1
github.com/LimeChain/goscale/tuple.go:81.13,83.40 1 1
github.com/LimeChain/goscale/tuple.go:83.40,85.7 1 1
github.com/LimeChain/goscale/tuple.go:85.12,86.56 1 0
github.com/LimeChain/goscale/tuple.go:107.69,109.29 1 1
github.com/LimeChain/goscale/tuple.go:110.34,111.48 1 1
github.com/LimeChain/goscale/tuple.go:112.32,113.46 1 0
github.com/LimeChain/goscale/tuple.go:114.32,115.46 1 0
github.com/LimeChain/goscale/tuple.go:116.33,117.47 1 0
github.com/LimeChain/goscale/tuple.go:118.33,119.47 1 0
github.com/LimeChain/goscale/tuple.go:120.33,121.47 1 0
github.com/LimeChain/goscale/tuple.go:122.33,123.47 1 0
github.com/LimeChain/goscale/tuple.go:124.33,125.47 1 0
github.com/LimeChain/goscale/tuple.go:126.33,127.47 1 0
github.com/LimeChain/goscale/tuple.go:128.34,129.48 1 0
github.com/LimeChain/goscale/tuple.go:130.34,131.48 1 0
github.com/LimeChain/goscale/tuple.go:132.37,133.51 1 0
github.com/LimeChain/goscale/tuple.go:134.33,135.47 1 0
github.com/LimeChain/goscale/tuple.go:136.41,137.55 1 0
github.com/LimeChain/goscale/tuple.go:142.44,145.36 3 1
github.com/LimeChain/goscale/tuple.go:149.10,151.23 1 1
github.com/LimeChain/goscale/tuple.go:145.36,147.4 1 1
github.com/LimeChain/goscale/tuple.go:152.42,153.48 1 1
github.com/LimeChain/goscale/tuple.go:154.11,161.30 3 0
github.com/LimeChain/goscale/tuple.go:161.30,164.5 2 0
github.com/LimeChain/goscale/tuple.go:169.71,171.29 1 1
github.com/LimeChain/goscale/tuple.go:172.34,173.55 1 0
github.com/LimeChain/goscale/tuple.go:174.32,175.53 1 1
github.com/LimeChain/goscale/tuple.go:176.32,177.53 1 0
github.com/LimeChain/goscale/tuple.go:178.33,179.54 1 0
github.com/LimeChain/goscale/tuple.go:180.33,181.54 1 0
github.com/LimeChain/goscale/tuple.go:182.33,183.54 1 0
github.com/LimeChain/goscale/tuple.go:184.33,185.54 1 0
github.com/LimeChain/goscale/tuple.go:186.33,187.54 1 0
github.com/LimeChain/goscale/tuple.go:188.33,189.54 1 0
github.com/LimeChain/goscale/tuple.go:190.34,191.55 1 0
github.com/LimeChain/goscale/tuple.go:192.34,193.55 1 0
github.com/LimeChain/goscale/tuple.go:194.37,195.58 1 0
github.com/LimeChain/goscale/tuple.go:196.33,197.54 1 0
github.com/LimeChain/goscale/tuple.go:198.41,199.62 1 0
github.com/LimeChain/goscale/tuple.go:205.10,206.23 1 0
github.com/LimeChain/goscale/tuple.go:207.42,208.48 1 0
github.com/LimeChain/goscale/tuple.go:209.11,215.30 3 0
github.com/LimeChain/goscale/tuple.go:215.30,218.5 2 0
github.com/LimeChain/goscale/tuple.go:223.72,224.51 1 1
github.com/LimeChain/goscale/tuple.go:231.2,231.14 1 1
github.com/LimeChain/goscale/tuple.go:224.51,226.3 1 1
github.com/LimeChain/goscale/tuple.go:226.8,226.63 1 1
github.com/LimeChain/goscale/tuple.go:226.63,228.3 1 1
github.com/LimeChain/goscale/tuple.go:228.8,229.58 1 0
github.com/LimeChain/goscale/tuple.go:234.88,235.56 1 1
github.com/LimeChain/goscale/tuple.go:240.2,240.14 1 1
github.com/LimeChain/goscale/tuple.go:235.56,237.3 1 1
github.com/LimeChain/goscale/tuple.go:237.8,238.49 1 0
github.com/LimeChain/goscale/tuple.go:243.56,245.9 2 1
github.com/LimeChain/goscale/tuple.go:248.2,248.14 1 1
github.com/LimeChain/goscale/tuple.go:245.9,246.34 1 0
github.com/LimeChain/goscale/varying_data.go:16.54,17.33 1 1
github.com/LimeChain/goscale/varying_data.go:21.2,24.15 3 1
github.com/LimeChain/goscale/varying_data.go:17.33,18.32 1 1
github.com/LimeChain/goscale/varying_data.go:27.52,28.23 1 1
github.com/LimeChain/goscale/varying_data.go:28.23,31.3 2 1
github.com/LimeChain/goscale/varying_data.go:34.38,39.2 3 1
github.com/LimeChain/goscale/varying_data.go:41.78,43.26 2 1
github.com/LimeChain/goscale/varying_data.go:47.2,48.28 2 1
github.com/LimeChain/goscale/varying_data.go:55.2,55.15 1 1
github.com/LimeChain/goscale/varying_data.go:43.26,44.32 1 1
github.com/LimeChain/goscale/varying_data.go:48.28,53.3 3 1
